  CreateBackground.cpp
E:\Zombie Arena\CreateBackground.cpp(30,64): warning C4244: 'argument': conversion from 'int' to 'T', possible loss of data
          with
          [
              T=float
          ]
E:\Zombie Arena\CreateBackground.cpp(30,49): warning C4244: 'argument': conversion from 'int' to 'T', possible loss of data
          with
          [
              T=float
          ]
E:\Zombie Arena\CreateBackground.cpp(31,78): warning C4244: 'argument': conversion from 'int' to 'T', possible loss of data
          with
          [
              T=float
          ]
E:\Zombie Arena\CreateBackground.cpp(31,63): warning C4244: 'argument': conversion from 'int' to 'T', possible loss of data
          with
          [
              T=float
          ]
E:\Zombie Arena\CreateBackground.cpp(32,92): warning C4244: 'argument': conversion from 'int' to 'T', possible loss of data
          with
          [
              T=float
          ]
E:\Zombie Arena\CreateBackground.cpp(32,63): warning C4244: 'argument': conversion from 'int' to 'T', possible loss of data
          with
          [
              T=float
          ]
E:\Zombie Arena\CreateBackground.cpp(33,80): warning C4244: 'argument': conversion from 'int' to 'T', possible loss of data
          with
          [
              T=float
          ]
E:\Zombie Arena\CreateBackground.cpp(33,50): warning C4244: 'argument': conversion from 'int' to 'T', possible loss of data
          with
          [
              T=float
          ]
E:\Zombie Arena\CreateBackground.cpp(53,54): warning C4244: 'argument': conversion from 'int' to 'T', possible loss of data
          with
          [
              T=float
          ]
E:\Zombie Arena\CreateBackground.cpp(54,62): warning C4244: 'argument': conversion from 'int' to 'T', possible loss of data
          with
          [
              T=float
          ]
E:\Zombie Arena\CreateBackground.cpp(55,70): warning C4244: 'argument': conversion from 'int' to 'T', possible loss of data
          with
          [
              T=float
          ]
E:\Zombie Arena\CreateBackground.cpp(56,62): warning C4244: 'argument': conversion from 'int' to 'T', possible loss of data
          with
          [
              T=float
          ]
  Zombie Arena.cpp
E:\Zombie Arena\Zombie Arena.cpp(17,44): warning C4244: '=': conversion from 'unsigned int' to 'T', possible loss of data
          with
          [
              T=float
          ]
E:\Zombie Arena\Zombie Arena.cpp(18,44): warning C4244: '=': conversion from 'unsigned int' to 'T', possible loss of data
          with
          [
              T=float
          ]
E:\Zombie Arena\Zombie Arena.cpp(20,56): warning C4244: 'argument': conversion from 'T' to 'unsigned int', possible loss of data
          with
          [
              T=float
          ]
E:\Zombie Arena\Zombie Arena.cpp(20,42): warning C4244: 'argument': conversion from 'T' to 'unsigned int', possible loss of data
          with
          [
              T=float
          ]
  Generating Code...
  Zombie Arena.vcxproj -> E:\Zombie Arena\x64\Debug\Zombie Arena.exe
